<?xml version="1.0" encoding="UTF-8" ?>
<testsuite tests="6" failures="0" name="EcomerceWebsite.Dao.CartDaoTest" time="0.019" errors="0" skipped="0">
  <properties>
[...]
</properties>
  <testcase classname="EcomerceWebsite.Dao.CartDaoTest" name="testEditCart" time="0.008"/>
  <testcase classname="EcomerceWebsite.Dao.CartDaoTest" name="testTotalQuanty" time="0"/>
  <testcase classname="EcomerceWebsite.Dao.CartDaoTest" name="testTotalPrice" time="0"/>
  <testcase classname="EcomerceWebsite.Dao.CartDaoTest" name="testAddCartWithNotEmptyCart" time="0.01"/>
  <testcase classname="EcomerceWebsite.Dao.CartDaoTest" name="testAddCartWithAnEmptyCart" time="0.001"/>
  <testcase classname="EcomerceWebsite.Dao.CartDaoTest" name="testDeleteCart" time="0"/>
</testsuite>