<?xml version="1.0" encoding="UTF-8"?>
<testsuite xmlns:xsi="http://www.w3.org/2001/XMLSchema-instance" xsi:noNamespaceSchemaLocation="https://maven.apache.org/surefire/maven-surefire-plugin/xsd/surefire-test-report.xsd" name="EcomerceWebsite.Service.User.PaginatesServiceImplTest" time="0.002" tests="7" errors="0" skipped="0" failures="0">
  <properties>
[...]
</properties>
  <testcase name="testSetInfoTotalPageWhenTotalPageNotDivisibleByLimit" classname="EcomerceWebsite.Service.User.PaginatesServiceImplTest" time="0"/>
  <testcase name="testFindStartOfLimit5" classname="EcomerceWebsite.Service.User.PaginatesServiceImplTest" time="0"/>
  <testcase name="testFindStartOfLimit9" classname="EcomerceWebsite.Service.User.PaginatesServiceImplTest" time="0"/>
  <testcase name="testFindEndWhenTotaldataNotDivisibleByLimit" classname="EcomerceWebsite.Service.User.PaginatesServiceImplTest" time="0"/>
  <testcase name="testSetInfoTotalPageWhenTotalPageDivisibleByLimit" classname="EcomerceWebsite.Service.User.PaginatesServiceImplTest" time="0"/>
  <testcase name="testCheckCurrentPageWithDifferentInput" classname="EcomerceWebsite.Service.User.PaginatesServiceImplTest" time="0"/>
  <testcase name="testFindEndWhenTotaldataDivisibleByLimit" classname="EcomerceWebsite.Service.User.PaginatesServiceImplTest" time="0"/>
</testsuite>